<?xml version="1.0" encoding="UTF-8"?>
<!-- Generated by org.testng.reporters.JUnitReportReporter -->
<testsuite hostname="fcblr-m0081" name="org.lenskart.tests.UseCases_GetPaymentMethods" tests="1" failures="0" timestamp="30 Dec 2016 10:35:36 GMT" time="0.016" errors="0">
  <testcase name="testcase01" time="0.016" classname="org.lenskart.tests.UseCases_GetPaymentMethods"/>
</testsuite> <!-- org.lenskart.tests.UseCases_GetPaymentMethods -->
