<?xml version="1.0" encoding="UTF-8"?>
<!-- Generated by org.testng.reporters.JUnitReportReporter -->
<testsuite hostname="fcblr-m0081" name="org.lenskart.tests.TestAPI" tests="2" failures="0" timestamp="3 Jan 2017 17:14:35 GMT" time="0.681" errors="0">
  <testcase name="testExcelLib" time="0.671" classname="org.lenskart.tests.TestAPI"/>
  <testcase name="abc" time="0.010" classname="org.lenskart.tests.TestAPI"/>
</testsuite> <!-- org.lenskart.tests.TestAPI -->
