<?xml version="1.0" encoding="UTF-8"?>
<!-- Generated by org.testng.reporters.JUnitReportReporter -->
<testsuite hostname="fcblr-m0081" name="org.lenskart.tests.UseCases_MakePayments" tests="1" failures="0" timestamp="26 Dec 2016 09:47:07 GMT" time="1.403" errors="0">
  <testcase name="setupInputParams" time="1.403" classname="org.lenskart.tests.UseCases_MakePayments"/>
</testsuite> <!-- org.lenskart.tests.UseCases_MakePayments -->
